<?xml version="1.0" encoding="UTF-8"?>
<!-- Generated by org.testng.reporters.JUnitReportReporter -->
<testsuite hostname="M748095-W10N" failures="0" tests="1" name="qaclickacademy.SeleniumTest" time="0.012" errors="0" timestamp="2021-10-19T18:18:18 IST" skipped="0">
  <testcase classname="qaclickacademy.SeleniumTest" name="BrowserAutomation" time="0.012"/>
  <system-out/>
</testsuite> <!-- qaclickacademy.SeleniumTest -->
