<?xml version="1.0" encoding="UTF-8"?>
<!-- Generated by org.testng.reporters.JUnitReportReporter -->
<testsuite skipped="0" hostname="M748095-W10N" name="qaclickacademy.RestAPITest" tests="2" failures="0" timestamp="2021-10-19T18:35:08 IST" time="0.001" errors="0">
  <testcase name="PostJira" time="0.001" classname="qaclickacademy.RestAPITest"/>
  <system-out/>
  <testcase name="deleteTwitter" time="0.000" classname="qaclickacademy.RestAPITest"/>
  <system-out/>
</testsuite> <!-- qaclickacademy.RestAPITest -->
